Determining if the pthread_create exist failed with the following output:
Change Dir: /home/dstring/code/CT-Performance/CT-Performance/CMakeFiles/CMakeTmp

Run Build Command:"/usr/bin/make" "cmTC_ff29a/fast"
/usr/bin/make -f CMakeFiles/cmTC_ff29a.dir/build.make CMakeFiles/cmTC_ff29a.dir/build
make[1]: Entering directory '/home/dstring/code/CT-Performance/CT-Performance/CMakeFiles/CMakeTmp'
Building CXX object CMakeFiles/cmTC_ff29a.dir/CheckSymbolExists.cxx.o
/usr/bin/c++     -o CMakeFiles/cmTC_ff29a.dir/CheckSymbolExists.cxx.o -c /home/dstring/code/CT-Performance/CT-Performance/CMakeFiles/CMakeTmp/CheckSymbolExists.cxx
Linking CXX executable cmTC_ff29a
/usr/bin/cmake -E cmake_link_script CMakeFiles/cmTC_ff29a.dir/link.txt --verbose=1
/usr/bin/c++       CMakeFiles/cmTC_ff29a.dir/CheckSymbolExists.cxx.o  -o cmTC_ff29a 
CMakeFiles/cmTC_ff29a.dir/CheckSymbolExists.cxx.o: In function `main':
CheckSymbolExists.cxx:(.text+0x1b): undefined reference to `pthread_create'
collect2: error: ld returned 1 exit status
CMakeFiles/cmTC_ff29a.dir/build.make:97: recipe for target 'cmTC_ff29a' failed
make[1]: *** [cmTC_ff29a] Error 1
make[1]: Leaving directory '/home/dstring/code/CT-Performance/CT-Performance/CMakeFiles/CMakeTmp'
Makefile:126: recipe for target 'cmTC_ff29a/fast' failed
make: *** [cmTC_ff29a/fast] Error 2

File /home/dstring/code/CT-Performance/CT-Performance/CMakeFiles/CMakeTmp/CheckSymbolExists.cxx:
/* */
#include <pthread.h>

int main(int argc, char** argv)
{
  (void)argv;
#ifndef pthread_create
  return ((int*)(&pthread_create))[argc];
#else
  (void)argc;
  return 0;
#endif
}

Determining if the function pthread_create exists in the pthreads failed with the following output:
Change Dir: /home/dstring/code/CT-Performance/CT-Performance/CMakeFiles/CMakeTmp

Run Build Command:"/usr/bin/make" "cmTC_dafad/fast"
/usr/bin/make -f CMakeFiles/cmTC_dafad.dir/build.make CMakeFiles/cmTC_dafad.dir/build
make[1]: Entering directory '/home/dstring/code/CT-Performance/CT-Performance/CMakeFiles/CMakeTmp'
Building CXX object CMakeFiles/cmTC_dafad.dir/CheckFunctionExists.cxx.o
/usr/bin/c++    -DCHECK_FUNCTION_EXISTS=pthread_create   -o CMakeFiles/cmTC_dafad.dir/CheckFunctionExists.cxx.o -c /home/dstring/code/CT-Performance/CT-Performance/CMakeFiles/CheckLibraryExists/CheckFunctionExists.cxx
Linking CXX executable cmTC_dafad
/usr/bin/cmake -E cmake_link_script CMakeFiles/cmTC_dafad.dir/link.txt --verbose=1
/usr/bin/c++   -DCHECK_FUNCTION_EXISTS=pthread_create    CMakeFiles/cmTC_dafad.dir/CheckFunctionExists.cxx.o  -o cmTC_dafad -lpthreads 
/usr/bin/ld: cannot find -lpthreads
collect2: error: ld returned 1 exit status
CMakeFiles/cmTC_dafad.dir/build.make:97: recipe for target 'cmTC_dafad' failed
make[1]: *** [cmTC_dafad] Error 1
make[1]: Leaving directory '/home/dstring/code/CT-Performance/CT-Performance/CMakeFiles/CMakeTmp'
Makefile:126: recipe for target 'cmTC_dafad/fast' failed
make: *** [cmTC_dafad/fast] Error 2


